app/build/intermediates/manifest_merge_blame_file/debug/manifest-merger-blame-debug-report.txt
1<?xml version="1.0" encoding="utf-8"?>
2<manifest xmlns:android="http://schemas.android.com/apk/res/android"
3    package="com.example.myapplication"
4    android:versionCode="1"
5    android:versionName="1.0" >
6
7    <uses-sdk
8        android:minSdkVersion="16"
8-->src/main/AndroidManifest.xml
9        android:targetSdkVersion="26" />
9-->src/main/AndroidManifest.xml
10
11    <uses-permission android:name="android.permission.INTERNET" />
11-->src/main/AndroidManifest.xml:6:5-66
11-->src/main/AndroidManifest.xml:6:22-64
12
13    <application
13-->src/main/AndroidManifest.xml:7:5-25:19
14        android:name="com.example.news_feed.App"
14-->src/main/AndroidManifest.xml:8:9-28
15        android:allowBackup="true"
15-->src/main/AndroidManifest.xml:9:9-35
16        android:appComponentFactory="androidx.core.app.CoreComponentFactory"
16-->[androidx.core:core:1.1.0] AndroidManifest.xml:24:18-86
17        android:debuggable="true"
18        android:icon="@mipmap/ic_launcher"
18-->src/main/AndroidManifest.xml:10:9-43
19        android:label="@string/app_name"
19-->src/main/AndroidManifest.xml:11:9-41
20        android:roundIcon="@mipmap/ic_launcher_round"
20-->src/main/AndroidManifest.xml:12:9-54
21        android:supportsRtl="true"
21-->src/main/AndroidManifest.xml:13:9-35
22        android:theme="@style/AppTheme" >
22-->src/main/AndroidManifest.xml:14:9-40
23        <activity android:name="com.example.news_feed.MainActivity" >
23-->src/main/AndroidManifest.xml:16:9-22:20
23-->src/main/AndroidManifest.xml:16:19-47
24            <intent-filter>
24-->src/main/AndroidManifest.xml:17:13-21:29
25                <action android:name="android.intent.action.MAIN" />
25-->src/main/AndroidManifest.xml:18:17-68
25-->src/main/AndroidManifest.xml:18:25-66
26
27                <category android:name="android.intent.category.LAUNCHER" />
27-->src/main/AndroidManifest.xml:20:17-76
27-->src/main/AndroidManifest.xml:20:27-74
28            </intent-filter>
29        </activity>
30        <activity android:name="com.example.news_feed.SecondActivity" />
30-->src/main/AndroidManifest.xml:23:9-51
30-->src/main/AndroidManifest.xml:23:19-49
31
32        <service android:name="com.example.news_feed.PlayService" />
32-->src/main/AndroidManifest.xml:24:9-47
32-->src/main/AndroidManifest.xml:24:18-45
33    </application>
34
35</manifest>